# Writing all output to: D:\Dropbox\VirtualSense\1.1.0\audiotrigger\VirtualSense_AT.log
Undefined layer: BACK at line: 33
Undefined layer: FRONT at line: 34
bus diagonal
fanout 10 (direction out)
route 100
clean 2
route 100 16
clean 2
filter 5
recorner diagonal
status_file

bus diagonal
fanout 10 (direction out)
route 100
clean 2
route 100 16
clean 2
filter 5
recorner diagonal
status_file

bus diagonal
fanout 10 (direction out)
route 100
clean 2
route 100 16
clean 2
filter 5
recorner diagonal
status_file

bus diagonal
fanout 10 (direction out)
route 100
clean 2
route 100 16
clean 2
filter 5
recorner diagonal
status_file

bus diagonal
fanout 10 (direction out)
route 100
clean 2
route 100 16
clean 2
filter 5
recorner diagonal
status_file

bus diagonal
fanout 10 (direction out)
route 100
clean 2
route 100 16
clean 2
filter 5
recorner diagonal
status_file

